2020-02-17T17:00:36+00:00 DEBUG 
====Stripe Version: 4.3.1====
====Start Log====
Keys are not set correctly.
====End Log====


2020-02-17T17:00:37+00:00 DEBUG 
====Stripe Version: 4.3.1====
====Start Log====
Keys are not set correctly.
====End Log====


2020-02-17T17:00:40+00:00 DEBUG 
====Stripe Version: 4.3.1====
====Start Log====
Keys are not set correctly.
====End Log====


2020-02-17T17:00:49+00:00 DEBUG 
====Stripe Version: 4.3.1====
====Start Log====
Keys are not set correctly.
====End Log====


2020-02-17T17:01:01+00:00 DEBUG 
====Stripe Version: 4.3.1====
====Start Log====
Keys are not set correctly.
====End Log====


2020-02-17T17:01:03+00:00 DEBUG 
====Stripe Version: 4.3.1====
====Start Log====
Keys are not set correctly.
====End Log====


2020-02-17T17:01:11+00:00 DEBUG 
====Stripe Version: 4.3.1====
====Start Log====
Keys are not set correctly.
====End Log====


2020-02-17T17:07:31+00:00 DEBUG 
====Stripe Version: 4.3.1====
====Start Log====
Keys are not set correctly.
====End Log====


2020-02-17T17:07:40+00:00 DEBUG 
====Stripe Version: 4.3.1====
====Start Log====
Keys are not set correctly.
====End Log====


2020-02-17T17:08:03+00:00 DEBUG 
====Stripe Version: 4.3.1====
====Start Log====
Keys are not set correctly.
====End Log====


2020-02-17T17:08:07+00:00 DEBUG 
====Stripe Version: 4.3.1====
====Start Log====
Keys are not set correctly.
====End Log====


2020-02-17T17:21:29+00:00 DEBUG 
====Stripe Version: 4.3.1====
====Start Log====
Keys are not set correctly.
====End Log====


2020-02-17T17:21:31+00:00 DEBUG 
====Stripe Version: 4.3.1====
====Start Log====
Keys are not set correctly.
====End Log====


